\BOOKMARK [-1][-]{part.1}{I\040Programming\040Tutorial}{}% 1
\BOOKMARK [0][-]{chapter.1}{Introduction}{part.1}% 2
\BOOKMARK [0][-]{chapter.2}{Unix}{part.1}% 3
\BOOKMARK [1][-]{section.2.1}{Filesystem}{chapter.2}% 4
\BOOKMARK [1][-]{section.2.2}{Shell}{chapter.2}% 5
\BOOKMARK [2][-]{subsection.2.2.1}{Commands}{section.2.2}% 6
\BOOKMARK [3][-]{subsubsection*.3}{General\040command\040syntax:}{subsection.2.2.1}% 7
\BOOKMARK [3][-]{subsubsection*.4}{Some\040basic\040commands:}{subsection.2.2.1}% 8
\BOOKMARK [1][-]{section.2.3}{I/O\040Streams}{chapter.2}% 9
\BOOKMARK [2][-]{subsection.2.3.1}{Redirection\040of\040I/O\040Streams}{section.2.3}% 10
\BOOKMARK [0][-]{chapter.3}{Version\040Control\040with\040Git}{part.1}% 11
\BOOKMARK [1][-]{section.3.1}{Getting\040Started}{chapter.3}% 12
\BOOKMARK [2][-]{subsection.3.1.1}{Some\040Core\040Asepcts\040of\040Git}{section.3.1}% 13
\BOOKMARK [3][-]{subsubsection*.9}{Snapshots\040vs\040Deltas}{subsection.3.1.1}% 14
\BOOKMARK [3][-]{subsubsection*.10}{Most\040Operations\040are\040Local}{subsection.3.1.1}% 15
\BOOKMARK [3][-]{subsubsection*.11}{Checksumming}{subsection.3.1.1}% 16
\BOOKMARK [1][-]{section.3.2}{Fundamental\040Git\040Commands\040and\040Terms}{chapter.3}% 17
\BOOKMARK [2][-]{subsection.3.2.1}{Tracke}{section.3.2}% 18
\BOOKMARK [2][-]{subsection.3.2.2}{The\040Three\040main\040States}{section.3.2}% 19
\BOOKMARK [0][-]{chapter.4}{Hello\040World}{part.1}% 20
\BOOKMARK [1][-]{section.4.1}{Cing\040Config}{chapter.4}% 21
\BOOKMARK [1][-]{section.4.2}{Name\040Collisions\040and\040Namespaces}{chapter.4}% 22
\BOOKMARK [0][-]{chapter.5}{Variables}{part.1}% 23
\BOOKMARK [1][-]{section.5.1}{Basic\040Data\040Tytpes\040in\040C++}{chapter.5}% 24
\BOOKMARK [1][-]{section.5.2}{Variable\040Declarations}{chapter.5}% 25
\BOOKMARK [1][-]{section.5.3}{Statements\040and\040Expressions}{chapter.5}% 26
\BOOKMARK [2][-]{subsection.5.3.1}{Statements}{section.5.3}% 27
\BOOKMARK [2][-]{subsection.5.3.2}{Expressions}{section.5.3}% 28
\BOOKMARK [2][-]{subsection.5.3.3}{Assignment}{section.5.3}% 29
\BOOKMARK [2][-]{subsection.5.3.4}{Side\040Effects}{section.5.3}% 30
\BOOKMARK [1][-]{section.5.4}{Blocks\040and\040Scope}{chapter.5}% 31
\BOOKMARK [2][-]{subsection.5.4.1}{Block}{section.5.4}% 32
\BOOKMARK [2][-]{subsection.5.4.2}{Scope}{section.5.4}% 33
\BOOKMARK [3][-]{subsubsection*.12}{Potential\040Scope\040and\040Actual\040Scope}{subsection.5.4.2}% 34
\BOOKMARK [1][-]{section.5.5}{Expressions\040and\040Operators}{chapter.5}% 35
\BOOKMARK [2][-]{subsection.5.5.1}{Arithmetic}{section.5.5}% 36
\BOOKMARK [2][-]{subsection.5.5.2}{Boolean}{section.5.5}% 37
\BOOKMARK [2][-]{subsection.5.5.3}{String}{section.5.5}% 38
\BOOKMARK [0][-]{chapter.6}{Arrays}{part.1}% 39
\BOOKMARK [0][-]{chapter.7}{Input\040and\040Output}{part.1}% 40
\BOOKMARK [0][-]{chapter.8}{Flow\040of\040Control}{part.1}% 41
\BOOKMARK [1][-]{section.8.1}{If-Statement}{chapter.8}% 42
\BOOKMARK [1][-]{section.8.2}{While\040Loops}{chapter.8}% 43
\BOOKMARK [2][-]{subsection.8.2.1}{A\040More\040Comprehensive\040Example:\040Pendulum}{section.8.2}% 44
\BOOKMARK [1][-]{section.8.3}{For\040Loops}{chapter.8}% 45
\BOOKMARK [2][-]{subsection.8.3.1}{For\040and\040While\040Equivalence}{section.8.3}% 46
\BOOKMARK [1][-]{section.8.4}{Numerical\040Solution\040of\040the\040Pendulum\040Problem}{chapter.8}% 47
\BOOKMARK [0][-]{chapter.9}{Functions}{part.1}% 48
\BOOKMARK [1][-]{section.9.1}{Recursion}{chapter.9}% 49
\BOOKMARK [1][-]{section.9.2}{Iteration}{chapter.9}% 50
\BOOKMARK [0][-]{chapter.10}{Templates}{part.1}% 51
\BOOKMARK [0][-]{chapter.11}{Classes}{part.1}% 52
\BOOKMARK [-1][-]{part.2}{II\040Numerical\040Methods}{}% 53
\BOOKMARK [0][-]{chapter.12}{Introduction}{part.2}% 54
\BOOKMARK [0][-]{section*.13}{Index}{part.2}% 55
